<?xml version="1.0" encoding="UTF-8"?>
<!-- Generated by org.testng.reporters.JUnitXMLReporter -->
<testsuite ignored="0" hostname="Amits-MacBook-Air.local" failures="4" tests="5" name="BankingApp Test(failed)" time="37.368" errors="0" timestamp="06 Oct 2021 04:57:03 GMT">
  <testcase classname="com.inetBankingV1.TestCases.TC_LoginTest_001" name="loginTest" time="2.212"/>
  <testcase classname="com.inetBankingV1.TestCases.TC_LoginDDT_002" name="loginDDT" time="5.779">
    <failure type="java.lang.AssertionError">
      <![CDATA[java.lang.AssertionError
at org.junit.Assert.fail(Assert.java:86)
at org.junit.Assert.assertTrue(Assert.java:41)
at org.junit.Assert.assertTrue(Assert.java:52)
at com.inetBankingV1.TestCases.TC_LoginDDT_002.loginDDT(TC_LoginDDT_002.java:31)
... Removed 25 stack frames]]>
    </failure>
  </testcase> <!-- loginDDT -->
  <testcase classname="com.inetBankingV1.TestCases.TC_LoginDDT_002" name="loginDDT" time="6.17">
    <failure type="java.lang.AssertionError">
      <![CDATA[java.lang.AssertionError
at org.junit.Assert.fail(Assert.java:86)
at org.junit.Assert.assertTrue(Assert.java:41)
at org.junit.Assert.assertTrue(Assert.java:52)
at com.inetBankingV1.TestCases.TC_LoginDDT_002.loginDDT(TC_LoginDDT_002.java:31)
... Removed 25 stack frames]]>
    </failure>
  </testcase> <!-- loginDDT -->
  <testcase classname="com.inetBankingV1.TestCases.TC_LoginDDT_002" name="loginDDT" time="5.263">
    <failure type="java.lang.AssertionError">
      <![CDATA[java.lang.AssertionError
at org.junit.Assert.fail(Assert.java:86)
at org.junit.Assert.assertTrue(Assert.java:41)
at org.junit.Assert.assertTrue(Assert.java:52)
at com.inetBankingV1.TestCases.TC_LoginDDT_002.loginDDT(TC_LoginDDT_002.java:31)
... Removed 25 stack frames]]>
    </failure>
  </testcase> <!-- loginDDT -->
  <testcase classname="com.inetBankingV1.TestCases.TC_LoginDDT_002" name="loginDDT" time="4.891">
    <failure type="java.lang.AssertionError">
      <![CDATA[java.lang.AssertionError
at org.junit.Assert.fail(Assert.java:86)
at org.junit.Assert.assertTrue(Assert.java:41)
at org.junit.Assert.assertTrue(Assert.java:52)
at com.inetBankingV1.TestCases.TC_LoginDDT_002.loginDDT(TC_LoginDDT_002.java:31)
... Removed 25 stack frames]]>
    </failure>
  </testcase> <!-- loginDDT -->
</testsuite> <!-- BankingApp Test(failed) -->
